/home/poojamutadak/Projects/AI Activity/backend/HealthcarePortal.API/Data/HealthcareDbContext.cs(8,16): warning CS8618: Non-nullable property 'Providers' must contain a non-null value when exiting constructor. Consider declaring the property as nullable. [/home/poojamutadak/Projects/AI Activity/backend/HealthcarePortal.API/HealthcarePortal.API.csproj]
/home/poojamutadak/Projects/AI Activity/backend/HealthcarePortal.API/Data/HealthcareDbContext.cs(8,16): warning CS8618: Non-nullable property 'Patients' must contain a non-null value when exiting constructor. Consider declaring the property as nullable. [/home/poojamutadak/Projects/AI Activity/backend/HealthcarePortal.API/HealthcarePortal.API.csproj]
/home/poojamutadak/Projects/AI Activity/backend/HealthcarePortal.API/Data/HealthcareDbContext.cs(8,16): warning CS8618: Non-nullable property 'Appointments' must contain a non-null value when exiting constructor. Consider declaring the property as nullable. [/home/poojamutadak/Projects/AI Activity/backend/HealthcarePortal.API/HealthcarePortal.API.csproj]
[40m[32minfo[39m[22m[49m: Microsoft.Hosting.Lifetime[14]
      Now listening on: http://0.0.0.0:5000
[40m[32minfo[39m[22m[49m: Microsoft.Hosting.Lifetime[0]
      Application started. Press Ctrl+C to shut down.
[40m[32minfo[39m[22m[49m: Microsoft.Hosting.Lifetime[0]
      Hosting environment: Development
[40m[32minfo[39m[22m[49m: Microsoft.Hosting.Lifetime[0]
      Content root path: /home/poojamutadak/Projects/AI Activity/backend/HealthcarePortal.API/
[40m[32minfo[39m[22m[49m: Microsoft.EntityFrameworkCore.Infrastructure[10403]
      Entity Framework Core 6.0.25 initialized 'HealthcareDbContext' using provider 'Microsoft.EntityFrameworkCore.Sqlite:6.0.25' with options: None
[40m[32minfo[39m[22m[49m: Microsoft.EntityFrameworkCore.Database.Command[20101]
      Executed DbCommand (11ms) [Parameters=[@__dto_Email_0='?' (Size = 23)], CommandType='Text', CommandTimeout='30']
      SELECT EXISTS (
          SELECT 1
          FROM "Providers" AS "p"
          WHERE "p"."Email" = @__dto_Email_0)
[40m[32minfo[39m[22m[49m: Microsoft.EntityFrameworkCore.Database.Command[20101]
      Executed DbCommand (1ms) [Parameters=[@p0='?' (Size = 18), @p1='?' (DbType = DateTime), @p2='?' (Size = 23), @p3='?' (Size = 16), @p4='?' (Size = 60), @p5='?' (Size = 8), @p6='?' (Size = 16)], CommandType='Text', CommandTimeout='30']
      INSERT INTO "Providers" ("ClinicAddress", "CreatedAt", "Email", "FullName", "PasswordHash", "PhoneNumber", "Specialty")
      VALUES (@p0, @p1, @p2, @p3, @p4, @p5, @p6);
      SELECT "Id"
      FROM "Providers"
      WHERE changes() = 1 AND "rowid" = last_insert_rowid();
[40m[32minfo[39m[22m[49m: Microsoft.EntityFrameworkCore.Infrastructure[10403]
      Entity Framework Core 6.0.25 initialized 'HealthcareDbContext' using provider 'Microsoft.EntityFrameworkCore.Sqlite:6.0.25' with options: None
[40m[32minfo[39m[22m[49m: Microsoft.EntityFrameworkCore.Database.Command[20101]
      Executed DbCommand (0ms) [Parameters=[@__dto_Email_0='?' (Size = 26)], CommandType='Text', CommandTimeout='30']
      SELECT EXISTS (
          SELECT 1
          FROM "Patients" AS "p"
          WHERE "p"."Email" = @__dto_Email_0)
[40m[32minfo[39m[22m[49m: Microsoft.EntityFrameworkCore.Database.Command[20101]
      Executed DbCommand (1ms) [Parameters=[@p0='?' (DbType = Int32), @p1='?' (DbType = DateTime), @p2='?' (Size = 26), @p3='?' (Size = 20), @p4='?' (Size = 4), @p5='?' (Size = 60), @p6='?' (Size = 8)], CommandType='Text', CommandTimeout='30']
      INSERT INTO "Patients" ("Age", "CreatedAt", "Email", "FullName", "Gender", "PasswordHash", "PhoneNumber")
      VALUES (@p0, @p1, @p2, @p3, @p4, @p5, @p6);
      SELECT "Id"
      FROM "Patients"
      WHERE changes() = 1 AND "rowid" = last_insert_rowid();
[40m[32minfo[39m[22m[49m: Microsoft.EntityFrameworkCore.Infrastructure[10403]
      Entity Framework Core 6.0.25 initialized 'HealthcareDbContext' using provider 'Microsoft.EntityFrameworkCore.Sqlite:6.0.25' with options: None
[40m[32minfo[39m[22m[49m: Microsoft.EntityFrameworkCore.Database.Command[20101]
      Executed DbCommand (0ms) [Parameters=[@__dto_Email_0='?' (Size = 33)], CommandType='Text', CommandTimeout='30']
      SELECT EXISTS (
          SELECT 1
          FROM "Providers" AS "p"
          WHERE "p"."Email" = @__dto_Email_0)
[40m[32minfo[39m[22m[49m: Microsoft.EntityFrameworkCore.Database.Command[20101]
      Executed DbCommand (0ms) [Parameters=[@p0='?' (Size = 23), @p1='?' (DbType = DateTime), @p2='?' (Size = 33), @p3='?' (Size = 16), @p4='?' (Size = 60), @p5='?' (Size = 8), @p6='?' (Size = 15)], CommandType='Text', CommandTimeout='30']
      INSERT INTO "Providers" ("ClinicAddress", "CreatedAt", "Email", "FullName", "PasswordHash", "PhoneNumber", "Specialty")
      VALUES (@p0, @p1, @p2, @p3, @p4, @p5, @p6);
      SELECT "Id"
      FROM "Providers"
      WHERE changes() = 1 AND "rowid" = last_insert_rowid();
[40m[32minfo[39m[22m[49m: Microsoft.Hosting.Lifetime[0]
      Application is shutting down...
